c:\users\bca\desktop\optimization\optimization-base-project\fluid\debug\rendering.obj
c:\users\bca\desktop\optimization\optimization-base-project\fluid\debug\main.obj
c:\users\bca\desktop\optimization\optimization-base-project\fluid\debug\fluid.obj
c:\users\bca\desktop\optimization\optimization-base-project\fluid\debug\sdkmisc.obj
c:\users\bca\desktop\optimization\optimization-base-project\fluid\debug\dxutsettingsdlg.obj
c:\users\bca\desktop\optimization\optimization-base-project\fluid\debug\dxutres.obj
c:\users\bca\desktop\optimization\optimization-base-project\fluid\debug\dxutgui.obj
c:\users\bca\desktop\optimization\optimization-base-project\fluid\debug\dxutmisc.obj
c:\users\bca\desktop\optimization\optimization-base-project\fluid\debug\dxutenum.obj
c:\users\bca\desktop\optimization\optimization-base-project\fluid\debug\dxut.obj
c:\users\bca\desktop\optimization\optimization-base-project\debug\fluid.exe
c:\users\bca\desktop\optimization\optimization-base-project\debug\fluid.pdb
c:\users\bca\desktop\optimization\optimization-base-project\fluid\debug\fluid.ilk
c:\users\bca\desktop\optimization\optimization-base-project\fluid\debug\fluid.tlog\cl.command.1.tlog
c:\users\bca\desktop\optimization\optimization-base-project\fluid\debug\fluid.tlog\cl.items.tlog
c:\users\bca\desktop\optimization\optimization-base-project\fluid\debug\fluid.tlog\cl.read.1.tlog
c:\users\bca\desktop\optimization\optimization-base-project\fluid\debug\fluid.tlog\cl.write.1.tlog
c:\users\bca\desktop\optimization\optimization-base-project\fluid\debug\fluid.tlog\link.command.1.tlog
c:\users\bca\desktop\optimization\optimization-base-project\fluid\debug\fluid.tlog\link.read.1.tlog
c:\users\bca\desktop\optimization\optimization-base-project\fluid\debug\fluid.tlog\link.secondary.1.tlog
c:\users\bca\desktop\optimization\optimization-base-project\fluid\debug\fluid.tlog\link.write.1.tlog
