  DXUT.cpp
C:\Program Files (x86)\Microsoft DirectX SDK (June 2010)\include\dxgitype.h(12,9): warning C4005: 'DXGI_STATUS_OCCLUDED': 매크로 재정의
C:\Program Files (x86)\Microsoft DirectX SDK (June 2010)\include\dxgitype.h(13,9): warning C4005: 'DXGI_STATUS_CLIPPED': 매크로 재정의
C:\Program Files (x86)\Microsoft DirectX SDK (June 2010)\include\dxgitype.h(14,9): warning C4005: 'DXGI_STATUS_NO_REDIRECTION': 매크로 재정의
C:\Program Files (x86)\Microsoft DirectX SDK (June 2010)\include\dxgitype.h(15,9): warning C4005: 'DXGI_STATUS_NO_DESKTOP_ACCESS': 매크로 재정의
C:\Program Files (x86)\Microsoft DirectX SDK (June 2010)\include\dxgitype.h(16,9): warning C4005: 'DXGI_STATUS_GRAPHICS_VIDPN_SOURCE_IN_USE': 매크로 재정의
C:\Program Files (x86)\Microsoft DirectX SDK (June 2010)\include\dxgitype.h(17,9): warning C4005: 'DXGI_STATUS_MODE_CHANGED': 매크로 재정의
C:\Program Files (x86)\Microsoft DirectX SDK (June 2010)\include\dxgitype.h(18,9): warning C4005: 'DXGI_STATUS_MODE_CHANGE_IN_PROGRESS': 매크로 재정의
C:\Program Files (x86)\Microsoft DirectX SDK (June 2010)\include\dxgitype.h(21,9): warning C4005: 'DXGI_ERROR_INVALID_CALL': 매크로 재정의
C:\Program Files (x86)\Microsoft DirectX SDK (June 2010)\include\dxgitype.h(22,9): warning C4005: 'DXGI_ERROR_NOT_FOUND': 매크로 재정의
C:\Program Files (x86)\Microsoft DirectX SDK (June 2010)\include\dxgitype.h(23,9): warning C4005: 'DXGI_ERROR_MORE_DATA': 매크로 재정의
C:\Program Files (x86)\Microsoft DirectX SDK (June 2010)\include\dxgitype.h(24,9): warning C4005: 'DXGI_ERROR_UNSUPPORTED': 매크로 재정의
C:\Program Files (x86)\Microsoft DirectX SDK (June 2010)\include\dxgitype.h(25,9): warning C4005: 'DXGI_ERROR_DEVICE_REMOVED': 매크로 재정의
C:\Program Files (x86)\Microsoft DirectX SDK (June 2010)\include\dxgitype.h(26,9): warning C4005: 'DXGI_ERROR_DEVICE_HUNG': 매크로 재정의
C:\Program Files (x86)\Microsoft DirectX SDK (June 2010)\include\dxgitype.h(27,9): warning C4005: 'DXGI_ERROR_DEVICE_RESET': 매크로 재정의
C:\Program Files (x86)\Microsoft DirectX SDK (June 2010)\include\dxgitype.h(28,9): warning C4005: 'DXGI_ERROR_WAS_STILL_DRAWING': 매크로 재정의
C:\Program Files (x86)\Microsoft DirectX SDK (June 2010)\include\dxgitype.h(29,9): warning C4005: 'DXGI_ERROR_FRAME_STATISTICS_DISJOINT': 매크로 재정의
C:\Program Files (x86)\Microsoft DirectX SDK (June 2010)\include\dxgitype.h(30,9): warning C4005: 'DXGI_ERROR_GRAPHICS_VIDPN_SOURCE_IN_USE': 매크로 재정의
C:\Program Files (x86)\Microsoft DirectX SDK (June 2010)\include\dxgitype.h(31,9): warning C4005: 'DXGI_ERROR_DRIVER_INTERNAL_ERROR': 매크로 재정의
C:\Program Files (x86)\Microsoft DirectX SDK (June 2010)\include\dxgitype.h(32,9): warning C4005: 'DXGI_ERROR_NONEXCLUSIVE': 매크로 재정의
C:\Program Files (x86)\Microsoft DirectX SDK (June 2010)\include\dxgitype.h(33,9): warning C4005: 'DXGI_ERROR_NOT_CURRENTLY_AVAILABLE': 매크로 재정의
C:\Program Files (x86)\Microsoft DirectX SDK (June 2010)\include\dxgitype.h(34,9): warning C4005: 'DXGI_ERROR_REMOTE_CLIENT_DISCONNECTED': 매크로 재정의
C:\Program Files (x86)\Microsoft DirectX SDK (June 2010)\include\dxgitype.h(35,9): warning C4005: 'DXGI_ERROR_REMOTE_OUTOFMEMORY': 매크로 재정의
C:\Program Files (x86)\Microsoft DirectX SDK (June 2010)\include\d3d10.h(608,9): warning C4005: 'D3D10_ERROR_TOO_MANY_UNIQUE_STATE_OBJECTS': 매크로 재정의
C:\Program Files (x86)\Microsoft DirectX SDK (June 2010)\include\d3d10.h(609,9): warning C4005: 'D3D10_ERROR_FILE_NOT_FOUND': 매크로 재정의
C:\Users\홍주혁\Desktop\Digipen\Optimization\optimization-base-project\fluid\DXUT\Core\DXUT.cpp(698,131): warning C4838: 'UINT'에서 'LONG'(으)로의 변환에는 축소 변환이 필요합니다.
C:\Users\홍주혁\Desktop\Digipen\Optimization\optimization-base-project\fluid\DXUT\Core\DXUT.cpp(698,187): warning C4838: 'UINT'에서 'LONG'(으)로의 변환에는 축소 변환이 필요합니다.
C:\Users\홍주혁\Desktop\Digipen\Optimization\optimization-base-project\fluid\DXUT\Core\DXUT.cpp(699,135): warning C4838: 'UINT'에서 'LONG'(으)로의 변환에는 축소 변환이 필요합니다.
C:\Users\홍주혁\Desktop\Digipen\Optimization\optimization-base-project\fluid\DXUT\Core\DXUT.cpp(699,195): warning C4838: 'UINT'에서 'LONG'(으)로의 변환에는 축소 변환이 필요합니다.
C:\Users\홍주혁\Desktop\Digipen\Optimization\optimization-base-project\fluid\DXUT\Core\DXUT.cpp(4900,13): warning C4996: 'GetVersionExW': deprecated로 선언되었습니다.
  DXUTenum.cpp
C:\Program Files (x86)\Microsoft DirectX SDK (June 2010)\include\dxgitype.h(12,9): warning C4005: 'DXGI_STATUS_OCCLUDED': 매크로 재정의
C:\Program Files (x86)\Microsoft DirectX SDK (June 2010)\include\dxgitype.h(13,9): warning C4005: 'DXGI_STATUS_CLIPPED': 매크로 재정의
C:\Program Files (x86)\Microsoft DirectX SDK (June 2010)\include\dxgitype.h(14,9): warning C4005: 'DXGI_STATUS_NO_REDIRECTION': 매크로 재정의
C:\Program Files (x86)\Microsoft DirectX SDK (June 2010)\include\dxgitype.h(15,9): warning C4005: 'DXGI_STATUS_NO_DESKTOP_ACCESS': 매크로 재정의
C:\Program Files (x86)\Microsoft DirectX SDK (June 2010)\include\dxgitype.h(16,9): warning C4005: 'DXGI_STATUS_GRAPHICS_VIDPN_SOURCE_IN_USE': 매크로 재정의
C:\Program Files (x86)\Microsoft DirectX SDK (June 2010)\include\dxgitype.h(17,9): warning C4005: 'DXGI_STATUS_MODE_CHANGED': 매크로 재정의
C:\Program Files (x86)\Microsoft DirectX SDK (June 2010)\include\dxgitype.h(18,9): warning C4005: 'DXGI_STATUS_MODE_CHANGE_IN_PROGRESS': 매크로 재정의
C:\Program Files (x86)\Microsoft DirectX SDK (June 2010)\include\dxgitype.h(21,9): warning C4005: 'DXGI_ERROR_INVALID_CALL': 매크로 재정의
C:\Program Files (x86)\Microsoft DirectX SDK (June 2010)\include\dxgitype.h(22,9): warning C4005: 'DXGI_ERROR_NOT_FOUND': 매크로 재정의
C:\Program Files (x86)\Microsoft DirectX SDK (June 2010)\include\dxgitype.h(23,9): warning C4005: 'DXGI_ERROR_MORE_DATA': 매크로 재정의
C:\Program Files (x86)\Microsoft DirectX SDK (June 2010)\include\dxgitype.h(24,9): warning C4005: 'DXGI_ERROR_UNSUPPORTED': 매크로 재정의
C:\Program Files (x86)\Microsoft DirectX SDK (June 2010)\include\dxgitype.h(25,9): warning C4005: 'DXGI_ERROR_DEVICE_REMOVED': 매크로 재정의
C:\Program Files (x86)\Microsoft DirectX SDK (June 2010)\include\dxgitype.h(26,9): warning C4005: 'DXGI_ERROR_DEVICE_HUNG': 매크로 재정의
C:\Program Files (x86)\Microsoft DirectX SDK (June 2010)\include\dxgitype.h(27,9): warning C4005: 'DXGI_ERROR_DEVICE_RESET': 매크로 재정의
C:\Program Files (x86)\Microsoft DirectX SDK (June 2010)\include\dxgitype.h(28,9): warning C4005: 'DXGI_ERROR_WAS_STILL_DRAWING': 매크로 재정의
C:\Program Files (x86)\Microsoft DirectX SDK (June 2010)\include\dxgitype.h(29,9): warning C4005: 'DXGI_ERROR_FRAME_STATISTICS_DISJOINT': 매크로 재정의
C:\Program Files (x86)\Microsoft DirectX SDK (June 2010)\include\dxgitype.h(30,9): warning C4005: 'DXGI_ERROR_GRAPHICS_VIDPN_SOURCE_IN_USE': 매크로 재정의
C:\Program Files (x86)\Microsoft DirectX SDK (June 2010)\include\dxgitype.h(31,9): warning C4005: 'DXGI_ERROR_DRIVER_INTERNAL_ERROR': 매크로 재정의
C:\Program Files (x86)\Microsoft DirectX SDK (June 2010)\include\dxgitype.h(32,9): warning C4005: 'DXGI_ERROR_NONEXCLUSIVE': 매크로 재정의
C:\Program Files (x86)\Microsoft DirectX SDK (June 2010)\include\dxgitype.h(33,9): warning C4005: 'DXGI_ERROR_NOT_CURRENTLY_AVAILABLE': 매크로 재정의
C:\Program Files (x86)\Microsoft DirectX SDK (June 2010)\include\dxgitype.h(34,9): warning C4005: 'DXGI_ERROR_REMOTE_CLIENT_DISCONNECTED': 매크로 재정의
C:\Program Files (x86)\Microsoft DirectX SDK (June 2010)\include\dxgitype.h(35,9): warning C4005: 'DXGI_ERROR_REMOTE_OUTOFMEMORY': 매크로 재정의
C:\Program Files (x86)\Microsoft DirectX SDK (June 2010)\include\d3d10.h(608,9): warning C4005: 'D3D10_ERROR_TOO_MANY_UNIQUE_STATE_OBJECTS': 매크로 재정의
C:\Program Files (x86)\Microsoft DirectX SDK (June 2010)\include\d3d10.h(609,9): warning C4005: 'D3D10_ERROR_FILE_NOT_FOUND': 매크로 재정의
C:\Users\홍주혁\Desktop\Digipen\Optimization\optimization-base-project\fluid\DXUT\Core\DXUTenum.cpp(3960,39): warning C4244: '초기화 중': 'double'에서 'float'(으)로 변환하면서 데이터가 손실될 수 있습니다.
  DXUTmisc.cpp
C:\Program Files (x86)\Microsoft DirectX SDK (June 2010)\include\dxgitype.h(12,9): warning C4005: 'DXGI_STATUS_OCCLUDED': 매크로 재정의
C:\Program Files (x86)\Microsoft DirectX SDK (June 2010)\include\dxgitype.h(13,9): warning C4005: 'DXGI_STATUS_CLIPPED': 매크로 재정의
C:\Program Files (x86)\Microsoft DirectX SDK (June 2010)\include\dxgitype.h(14,9): warning C4005: 'DXGI_STATUS_NO_REDIRECTION': 매크로 재정의
C:\Program Files (x86)\Microsoft DirectX SDK (June 2010)\include\dxgitype.h(15,9): warning C4005: 'DXGI_STATUS_NO_DESKTOP_ACCESS': 매크로 재정의
C:\Program Files (x86)\Microsoft DirectX SDK (June 2010)\include\dxgitype.h(16,9): warning C4005: 'DXGI_STATUS_GRAPHICS_VIDPN_SOURCE_IN_USE': 매크로 재정의
C:\Program Files (x86)\Microsoft DirectX SDK (June 2010)\include\dxgitype.h(17,9): warning C4005: 'DXGI_STATUS_MODE_CHANGED': 매크로 재정의
C:\Program Files (x86)\Microsoft DirectX SDK (June 2010)\include\dxgitype.h(18,9): warning C4005: 'DXGI_STATUS_MODE_CHANGE_IN_PROGRESS': 매크로 재정의
C:\Program Files (x86)\Microsoft DirectX SDK (June 2010)\include\dxgitype.h(21,9): warning C4005: 'DXGI_ERROR_INVALID_CALL': 매크로 재정의
C:\Program Files (x86)\Microsoft DirectX SDK (June 2010)\include\dxgitype.h(22,9): warning C4005: 'DXGI_ERROR_NOT_FOUND': 매크로 재정의
C:\Program Files (x86)\Microsoft DirectX SDK (June 2010)\include\dxgitype.h(23,9): warning C4005: 'DXGI_ERROR_MORE_DATA': 매크로 재정의
C:\Program Files (x86)\Microsoft DirectX SDK (June 2010)\include\dxgitype.h(24,9): warning C4005: 'DXGI_ERROR_UNSUPPORTED': 매크로 재정의
C:\Program Files (x86)\Microsoft DirectX SDK (June 2010)\include\dxgitype.h(25,9): warning C4005: 'DXGI_ERROR_DEVICE_REMOVED': 매크로 재정의
C:\Program Files (x86)\Microsoft DirectX SDK (June 2010)\include\dxgitype.h(26,9): warning C4005: 'DXGI_ERROR_DEVICE_HUNG': 매크로 재정의
C:\Program Files (x86)\Microsoft DirectX SDK (June 2010)\include\dxgitype.h(27,9): warning C4005: 'DXGI_ERROR_DEVICE_RESET': 매크로 재정의
C:\Program Files (x86)\Microsoft DirectX SDK (June 2010)\include\dxgitype.h(28,9): warning C4005: 'DXGI_ERROR_WAS_STILL_DRAWING': 매크로 재정의
C:\Program Files (x86)\Microsoft DirectX SDK (June 2010)\include\dxgitype.h(29,9): warning C4005: 'DXGI_ERROR_FRAME_STATISTICS_DISJOINT': 매크로 재정의
C:\Program Files (x86)\Microsoft DirectX SDK (June 2010)\include\dxgitype.h(30,9): warning C4005: 'DXGI_ERROR_GRAPHICS_VIDPN_SOURCE_IN_USE': 매크로 재정의
C:\Program Files (x86)\Microsoft DirectX SDK (June 2010)\include\dxgitype.h(31,9): warning C4005: 'DXGI_ERROR_DRIVER_INTERNAL_ERROR': 매크로 재정의
C:\Program Files (x86)\Microsoft DirectX SDK (June 2010)\include\dxgitype.h(32,9): warning C4005: 'DXGI_ERROR_NONEXCLUSIVE': 매크로 재정의
C:\Program Files (x86)\Microsoft DirectX SDK (June 2010)\include\dxgitype.h(33,9): warning C4005: 'DXGI_ERROR_NOT_CURRENTLY_AVAILABLE': 매크로 재정의
C:\Program Files (x86)\Microsoft DirectX SDK (June 2010)\include\dxgitype.h(34,9): warning C4005: 'DXGI_ERROR_REMOTE_CLIENT_DISCONNECTED': 매크로 재정의
C:\Program Files (x86)\Microsoft DirectX SDK (June 2010)\include\dxgitype.h(35,9): warning C4005: 'DXGI_ERROR_REMOTE_OUTOFMEMORY': 매크로 재정의
C:\Program Files (x86)\Microsoft DirectX SDK (June 2010)\include\d3d10.h(608,9): warning C4005: 'D3D10_ERROR_TOO_MANY_UNIQUE_STATE_OBJECTS': 매크로 재정의
C:\Program Files (x86)\Microsoft DirectX SDK (June 2010)\include\d3d10.h(609,9): warning C4005: 'D3D10_ERROR_FILE_NOT_FOUND': 매크로 재정의
C:\Users\홍주혁\Desktop\Digipen\Optimization\optimization-base-project\fluid\DXUT\Core\DXUTmisc.cpp(1263,13): warning C4996: 'GetVersionExA': deprecated로 선언되었습니다.
  DXUTgui.cpp
C:\Program Files (x86)\Microsoft DirectX SDK (June 2010)\include\dxgitype.h(12,9): warning C4005: 'DXGI_STATUS_OCCLUDED': 매크로 재정의
C:\Program Files (x86)\Microsoft DirectX SDK (June 2010)\include\dxgitype.h(13,9): warning C4005: 'DXGI_STATUS_CLIPPED': 매크로 재정의
C:\Program Files (x86)\Microsoft DirectX SDK (June 2010)\include\dxgitype.h(14,9): warning C4005: 'DXGI_STATUS_NO_REDIRECTION': 매크로 재정의
C:\Program Files (x86)\Microsoft DirectX SDK (June 2010)\include\dxgitype.h(15,9): warning C4005: 'DXGI_STATUS_NO_DESKTOP_ACCESS': 매크로 재정의
C:\Program Files (x86)\Microsoft DirectX SDK (June 2010)\include\dxgitype.h(16,9): warning C4005: 'DXGI_STATUS_GRAPHICS_VIDPN_SOURCE_IN_USE': 매크로 재정의
C:\Program Files (x86)\Microsoft DirectX SDK (June 2010)\include\dxgitype.h(17,9): warning C4005: 'DXGI_STATUS_MODE_CHANGED': 매크로 재정의
C:\Program Files (x86)\Microsoft DirectX SDK (June 2010)\include\dxgitype.h(18,9): warning C4005: 'DXGI_STATUS_MODE_CHANGE_IN_PROGRESS': 매크로 재정의
C:\Program Files (x86)\Microsoft DirectX SDK (June 2010)\include\dxgitype.h(21,9): warning C4005: 'DXGI_ERROR_INVALID_CALL': 매크로 재정의
C:\Program Files (x86)\Microsoft DirectX SDK (June 2010)\include\dxgitype.h(22,9): warning C4005: 'DXGI_ERROR_NOT_FOUND': 매크로 재정의
C:\Program Files (x86)\Microsoft DirectX SDK (June 2010)\include\dxgitype.h(23,9): warning C4005: 'DXGI_ERROR_MORE_DATA': 매크로 재정의
C:\Program Files (x86)\Microsoft DirectX SDK (June 2010)\include\dxgitype.h(24,9): warning C4005: 'DXGI_ERROR_UNSUPPORTED': 매크로 재정의
C:\Program Files (x86)\Microsoft DirectX SDK (June 2010)\include\dxgitype.h(25,9): warning C4005: 'DXGI_ERROR_DEVICE_REMOVED': 매크로 재정의
C:\Program Files (x86)\Microsoft DirectX SDK (June 2010)\include\dxgitype.h(26,9): warning C4005: 'DXGI_ERROR_DEVICE_HUNG': 매크로 재정의
C:\Program Files (x86)\Microsoft DirectX SDK (June 2010)\include\dxgitype.h(27,9): warning C4005: 'DXGI_ERROR_DEVICE_RESET': 매크로 재정의
C:\Program Files (x86)\Microsoft DirectX SDK (June 2010)\include\dxgitype.h(28,9): warning C4005: 'DXGI_ERROR_WAS_STILL_DRAWING': 매크로 재정의
C:\Program Files (x86)\Microsoft DirectX SDK (June 2010)\include\dxgitype.h(29,9): warning C4005: 'DXGI_ERROR_FRAME_STATISTICS_DISJOINT': 매크로 재정의
C:\Program Files (x86)\Microsoft DirectX SDK (June 2010)\include\dxgitype.h(30,9): warning C4005: 'DXGI_ERROR_GRAPHICS_VIDPN_SOURCE_IN_USE': 매크로 재정의
C:\Program Files (x86)\Microsoft DirectX SDK (June 2010)\include\dxgitype.h(31,9): warning C4005: 'DXGI_ERROR_DRIVER_INTERNAL_ERROR': 매크로 재정의
C:\Program Files (x86)\Microsoft DirectX SDK (June 2010)\include\dxgitype.h(32,9): warning C4005: 'DXGI_ERROR_NONEXCLUSIVE': 매크로 재정의
C:\Program Files (x86)\Microsoft DirectX SDK (June 2010)\include\dxgitype.h(33,9): warning C4005: 'DXGI_ERROR_NOT_CURRENTLY_AVAILABLE': 매크로 재정의
C:\Program Files (x86)\Microsoft DirectX SDK (June 2010)\include\dxgitype.h(34,9): warning C4005: 'DXGI_ERROR_REMOTE_CLIENT_DISCONNECTED': 매크로 재정의
C:\Program Files (x86)\Microsoft DirectX SDK (June 2010)\include\dxgitype.h(35,9): warning C4005: 'DXGI_ERROR_REMOTE_OUTOFMEMORY': 매크로 재정의
C:\Program Files (x86)\Microsoft DirectX SDK (June 2010)\include\d3d10.h(608,9): warning C4005: 'D3D10_ERROR_TOO_MANY_UNIQUE_STATE_OBJECTS': 매크로 재정의
C:\Program Files (x86)\Microsoft DirectX SDK (June 2010)\include\d3d10.h(609,9): warning C4005: 'D3D10_ERROR_FILE_NOT_FOUND': 매크로 재정의
  DXUTres.cpp
C:\Program Files (x86)\Microsoft DirectX SDK (June 2010)\include\dxgitype.h(12,9): warning C4005: 'DXGI_STATUS_OCCLUDED': 매크로 재정의
C:\Program Files (x86)\Microsoft DirectX SDK (June 2010)\include\dxgitype.h(13,9): warning C4005: 'DXGI_STATUS_CLIPPED': 매크로 재정의
C:\Program Files (x86)\Microsoft DirectX SDK (June 2010)\include\dxgitype.h(14,9): warning C4005: 'DXGI_STATUS_NO_REDIRECTION': 매크로 재정의
C:\Program Files (x86)\Microsoft DirectX SDK (June 2010)\include\dxgitype.h(15,9): warning C4005: 'DXGI_STATUS_NO_DESKTOP_ACCESS': 매크로 재정의
C:\Program Files (x86)\Microsoft DirectX SDK (June 2010)\include\dxgitype.h(16,9): warning C4005: 'DXGI_STATUS_GRAPHICS_VIDPN_SOURCE_IN_USE': 매크로 재정의
C:\Program Files (x86)\Microsoft DirectX SDK (June 2010)\include\dxgitype.h(17,9): warning C4005: 'DXGI_STATUS_MODE_CHANGED': 매크로 재정의
C:\Program Files (x86)\Microsoft DirectX SDK (June 2010)\include\dxgitype.h(18,9): warning C4005: 'DXGI_STATUS_MODE_CHANGE_IN_PROGRESS': 매크로 재정의
C:\Program Files (x86)\Microsoft DirectX SDK (June 2010)\include\dxgitype.h(21,9): warning C4005: 'DXGI_ERROR_INVALID_CALL': 매크로 재정의
C:\Program Files (x86)\Microsoft DirectX SDK (June 2010)\include\dxgitype.h(22,9): warning C4005: 'DXGI_ERROR_NOT_FOUND': 매크로 재정의
C:\Program Files (x86)\Microsoft DirectX SDK (June 2010)\include\dxgitype.h(23,9): warning C4005: 'DXGI_ERROR_MORE_DATA': 매크로 재정의
C:\Program Files (x86)\Microsoft DirectX SDK (June 2010)\include\dxgitype.h(24,9): warning C4005: 'DXGI_ERROR_UNSUPPORTED': 매크로 재정의
C:\Program Files (x86)\Microsoft DirectX SDK (June 2010)\include\dxgitype.h(25,9): warning C4005: 'DXGI_ERROR_DEVICE_REMOVED': 매크로 재정의
C:\Program Files (x86)\Microsoft DirectX SDK (June 2010)\include\dxgitype.h(26,9): warning C4005: 'DXGI_ERROR_DEVICE_HUNG': 매크로 재정의
C:\Program Files (x86)\Microsoft DirectX SDK (June 2010)\include\dxgitype.h(27,9): warning C4005: 'DXGI_ERROR_DEVICE_RESET': 매크로 재정의
C:\Program Files (x86)\Microsoft DirectX SDK (June 2010)\include\dxgitype.h(28,9): warning C4005: 'DXGI_ERROR_WAS_STILL_DRAWING': 매크로 재정의
C:\Program Files (x86)\Microsoft DirectX SDK (June 2010)\include\dxgitype.h(29,9): warning C4005: 'DXGI_ERROR_FRAME_STATISTICS_DISJOINT': 매크로 재정의
C:\Program Files (x86)\Microsoft DirectX SDK (June 2010)\include\dxgitype.h(30,9): warning C4005: 'DXGI_ERROR_GRAPHICS_VIDPN_SOURCE_IN_USE': 매크로 재정의
C:\Program Files (x86)\Microsoft DirectX SDK (June 2010)\include\dxgitype.h(31,9): warning C4005: 'DXGI_ERROR_DRIVER_INTERNAL_ERROR': 매크로 재정의
C:\Program Files (x86)\Microsoft DirectX SDK (June 2010)\include\dxgitype.h(32,9): warning C4005: 'DXGI_ERROR_NONEXCLUSIVE': 매크로 재정의
C:\Program Files (x86)\Microsoft DirectX SDK (June 2010)\include\dxgitype.h(33,9): warning C4005: 'DXGI_ERROR_NOT_CURRENTLY_AVAILABLE': 매크로 재정의
C:\Program Files (x86)\Microsoft DirectX SDK (June 2010)\include\dxgitype.h(34,9): warning C4005: 'DXGI_ERROR_REMOTE_CLIENT_DISCONNECTED': 매크로 재정의
C:\Program Files (x86)\Microsoft DirectX SDK (June 2010)\include\dxgitype.h(35,9): warning C4005: 'DXGI_ERROR_REMOTE_OUTOFMEMORY': 매크로 재정의
C:\Program Files (x86)\Microsoft DirectX SDK (June 2010)\include\d3d10.h(608,9): warning C4005: 'D3D10_ERROR_TOO_MANY_UNIQUE_STATE_OBJECTS': 매크로 재정의
C:\Program Files (x86)\Microsoft DirectX SDK (June 2010)\include\d3d10.h(609,9): warning C4005: 'D3D10_ERROR_FILE_NOT_FOUND': 매크로 재정의
  DXUTsettingsdlg.cpp
C:\Program Files (x86)\Microsoft DirectX SDK (June 2010)\include\dxgitype.h(12,9): warning C4005: 'DXGI_STATUS_OCCLUDED': 매크로 재정의
C:\Program Files (x86)\Microsoft DirectX SDK (June 2010)\include\dxgitype.h(13,9): warning C4005: 'DXGI_STATUS_CLIPPED': 매크로 재정의
C:\Program Files (x86)\Microsoft DirectX SDK (June 2010)\include\dxgitype.h(14,9): warning C4005: 'DXGI_STATUS_NO_REDIRECTION': 매크로 재정의
C:\Program Files (x86)\Microsoft DirectX SDK (June 2010)\include\dxgitype.h(15,9): warning C4005: 'DXGI_STATUS_NO_DESKTOP_ACCESS': 매크로 재정의
C:\Program Files (x86)\Microsoft DirectX SDK (June 2010)\include\dxgitype.h(16,9): warning C4005: 'DXGI_STATUS_GRAPHICS_VIDPN_SOURCE_IN_USE': 매크로 재정의
C:\Program Files (x86)\Microsoft DirectX SDK (June 2010)\include\dxgitype.h(17,9): warning C4005: 'DXGI_STATUS_MODE_CHANGED': 매크로 재정의
C:\Program Files (x86)\Microsoft DirectX SDK (June 2010)\include\dxgitype.h(18,9): warning C4005: 'DXGI_STATUS_MODE_CHANGE_IN_PROGRESS': 매크로 재정의
C:\Program Files (x86)\Microsoft DirectX SDK (June 2010)\include\dxgitype.h(21,9): warning C4005: 'DXGI_ERROR_INVALID_CALL': 매크로 재정의
C:\Program Files (x86)\Microsoft DirectX SDK (June 2010)\include\dxgitype.h(22,9): warning C4005: 'DXGI_ERROR_NOT_FOUND': 매크로 재정의
C:\Program Files (x86)\Microsoft DirectX SDK (June 2010)\include\dxgitype.h(23,9): warning C4005: 'DXGI_ERROR_MORE_DATA': 매크로 재정의
C:\Program Files (x86)\Microsoft DirectX SDK (June 2010)\include\dxgitype.h(24,9): warning C4005: 'DXGI_ERROR_UNSUPPORTED': 매크로 재정의
C:\Program Files (x86)\Microsoft DirectX SDK (June 2010)\include\dxgitype.h(25,9): warning C4005: 'DXGI_ERROR_DEVICE_REMOVED': 매크로 재정의
C:\Program Files (x86)\Microsoft DirectX SDK (June 2010)\include\dxgitype.h(26,9): warning C4005: 'DXGI_ERROR_DEVICE_HUNG': 매크로 재정의
C:\Program Files (x86)\Microsoft DirectX SDK (June 2010)\include\dxgitype.h(27,9): warning C4005: 'DXGI_ERROR_DEVICE_RESET': 매크로 재정의
C:\Program Files (x86)\Microsoft DirectX SDK (June 2010)\include\dxgitype.h(28,9): warning C4005: 'DXGI_ERROR_WAS_STILL_DRAWING': 매크로 재정의
C:\Program Files (x86)\Microsoft DirectX SDK (June 2010)\include\dxgitype.h(29,9): warning C4005: 'DXGI_ERROR_FRAME_STATISTICS_DISJOINT': 매크로 재정의
C:\Program Files (x86)\Microsoft DirectX SDK (June 2010)\include\dxgitype.h(30,9): warning C4005: 'DXGI_ERROR_GRAPHICS_VIDPN_SOURCE_IN_USE': 매크로 재정의
C:\Program Files (x86)\Microsoft DirectX SDK (June 2010)\include\dxgitype.h(31,9): warning C4005: 'DXGI_ERROR_DRIVER_INTERNAL_ERROR': 매크로 재정의
C:\Program Files (x86)\Microsoft DirectX SDK (June 2010)\include\dxgitype.h(32,9): warning C4005: 'DXGI_ERROR_NONEXCLUSIVE': 매크로 재정의
C:\Program Files (x86)\Microsoft DirectX SDK (June 2010)\include\dxgitype.h(33,9): warning C4005: 'DXGI_ERROR_NOT_CURRENTLY_AVAILABLE': 매크로 재정의
C:\Program Files (x86)\Microsoft DirectX SDK (June 2010)\include\dxgitype.h(34,9): warning C4005: 'DXGI_ERROR_REMOTE_CLIENT_DISCONNECTED': 매크로 재정의
C:\Program Files (x86)\Microsoft DirectX SDK (June 2010)\include\dxgitype.h(35,9): warning C4005: 'DXGI_ERROR_REMOTE_OUTOFMEMORY': 매크로 재정의
C:\Program Files (x86)\Microsoft DirectX SDK (June 2010)\include\d3d10.h(608,9): warning C4005: 'D3D10_ERROR_TOO_MANY_UNIQUE_STATE_OBJECTS': 매크로 재정의
C:\Program Files (x86)\Microsoft DirectX SDK (June 2010)\include\d3d10.h(609,9): warning C4005: 'D3D10_ERROR_FILE_NOT_FOUND': 매크로 재정의
  SDKmisc.cpp
C:\Program Files (x86)\Microsoft DirectX SDK (June 2010)\include\dxgitype.h(12,9): warning C4005: 'DXGI_STATUS_OCCLUDED': 매크로 재정의
C:\Program Files (x86)\Microsoft DirectX SDK (June 2010)\include\dxgitype.h(13,9): warning C4005: 'DXGI_STATUS_CLIPPED': 매크로 재정의
C:\Program Files (x86)\Microsoft DirectX SDK (June 2010)\include\dxgitype.h(14,9): warning C4005: 'DXGI_STATUS_NO_REDIRECTION': 매크로 재정의
C:\Program Files (x86)\Microsoft DirectX SDK (June 2010)\include\dxgitype.h(15,9): warning C4005: 'DXGI_STATUS_NO_DESKTOP_ACCESS': 매크로 재정의
C:\Program Files (x86)\Microsoft DirectX SDK (June 2010)\include\dxgitype.h(16,9): warning C4005: 'DXGI_STATUS_GRAPHICS_VIDPN_SOURCE_IN_USE': 매크로 재정의
C:\Program Files (x86)\Microsoft DirectX SDK (June 2010)\include\dxgitype.h(17,9): warning C4005: 'DXGI_STATUS_MODE_CHANGED': 매크로 재정의
C:\Program Files (x86)\Microsoft DirectX SDK (June 2010)\include\dxgitype.h(18,9): warning C4005: 'DXGI_STATUS_MODE_CHANGE_IN_PROGRESS': 매크로 재정의
C:\Program Files (x86)\Microsoft DirectX SDK (June 2010)\include\dxgitype.h(21,9): warning C4005: 'DXGI_ERROR_INVALID_CALL': 매크로 재정의
C:\Program Files (x86)\Microsoft DirectX SDK (June 2010)\include\dxgitype.h(22,9): warning C4005: 'DXGI_ERROR_NOT_FOUND': 매크로 재정의
C:\Program Files (x86)\Microsoft DirectX SDK (June 2010)\include\dxgitype.h(23,9): warning C4005: 'DXGI_ERROR_MORE_DATA': 매크로 재정의
C:\Program Files (x86)\Microsoft DirectX SDK (June 2010)\include\dxgitype.h(24,9): warning C4005: 'DXGI_ERROR_UNSUPPORTED': 매크로 재정의
C:\Program Files (x86)\Microsoft DirectX SDK (June 2010)\include\dxgitype.h(25,9): warning C4005: 'DXGI_ERROR_DEVICE_REMOVED': 매크로 재정의
C:\Program Files (x86)\Microsoft DirectX SDK (June 2010)\include\dxgitype.h(26,9): warning C4005: 'DXGI_ERROR_DEVICE_HUNG': 매크로 재정의
C:\Program Files (x86)\Microsoft DirectX SDK (June 2010)\include\dxgitype.h(27,9): warning C4005: 'DXGI_ERROR_DEVICE_RESET': 매크로 재정의
C:\Program Files (x86)\Microsoft DirectX SDK (June 2010)\include\dxgitype.h(28,9): warning C4005: 'DXGI_ERROR_WAS_STILL_DRAWING': 매크로 재정의
C:\Program Files (x86)\Microsoft DirectX SDK (June 2010)\include\dxgitype.h(29,9): warning C4005: 'DXGI_ERROR_FRAME_STATISTICS_DISJOINT': 매크로 재정의
C:\Program Files (x86)\Microsoft DirectX SDK (June 2010)\include\dxgitype.h(30,9): warning C4005: 'DXGI_ERROR_GRAPHICS_VIDPN_SOURCE_IN_USE': 매크로 재정의
C:\Program Files (x86)\Microsoft DirectX SDK (June 2010)\include\dxgitype.h(31,9): warning C4005: 'DXGI_ERROR_DRIVER_INTERNAL_ERROR': 매크로 재정의
C:\Program Files (x86)\Microsoft DirectX SDK (June 2010)\include\dxgitype.h(32,9): warning C4005: 'DXGI_ERROR_NONEXCLUSIVE': 매크로 재정의
C:\Program Files (x86)\Microsoft DirectX SDK (June 2010)\include\dxgitype.h(33,9): warning C4005: 'DXGI_ERROR_NOT_CURRENTLY_AVAILABLE': 매크로 재정의
C:\Program Files (x86)\Microsoft DirectX SDK (June 2010)\include\dxgitype.h(34,9): warning C4005: 'DXGI_ERROR_REMOTE_CLIENT_DISCONNECTED': 매크로 재정의
C:\Program Files (x86)\Microsoft DirectX SDK (June 2010)\include\dxgitype.h(35,9): warning C4005: 'DXGI_ERROR_REMOTE_OUTOFMEMORY': 매크로 재정의
C:\Program Files (x86)\Microsoft DirectX SDK (June 2010)\include\d3d10.h(608,9): warning C4005: 'D3D10_ERROR_TOO_MANY_UNIQUE_STATE_OBJECTS': 매크로 재정의
C:\Program Files (x86)\Microsoft DirectX SDK (June 2010)\include\d3d10.h(609,9): warning C4005: 'D3D10_ERROR_FILE_NOT_FOUND': 매크로 재정의
  Fluid.cpp
C:\Users\홍주혁\Desktop\Digipen\Optimization\optimization-base-project\fluid\Fluid.cpp(90,78): warning C4244: '인수': 'double'에서 'FLOAT'(으)로 변환하면서 데이터가 손실될 수 있습니다.
C:\Users\홍주혁\Desktop\Digipen\Optimization\optimization-base-project\fluid\Fluid.cpp(310,23): warning C4244: '인수': 'double'에서 'FLOAT'(으)로 변환하면서 데이터가 손실될 수 있습니다.
C:\Users\홍주혁\Desktop\Digipen\Optimization\optimization-base-project\fluid\Fluid.cpp(317,14): warning C4244: '인수': 'double'에서 'FLOAT'(으)로 변환하면서 데이터가 손실될 수 있습니다.
C:\Users\홍주혁\Desktop\Digipen\Optimization\optimization-base-project\fluid\Fluid.cpp(320,23): warning C4244: '인수': 'double'에서 'FLOAT'(으)로 변환하면서 데이터가 손실될 수 있습니다.
C:\Users\홍주혁\Desktop\Digipen\Optimization\optimization-base-project\fluid\Fluid.cpp(336,39): warning C4244: '인수': 'double'에서 'FLOAT'(으)로 변환하면서 데이터가 손실될 수 있습니다.
C:\Users\홍주혁\Desktop\Digipen\Optimization\optimization-base-project\fluid\Fluid.cpp(337,39): warning C4244: '인수': 'double'에서 'FLOAT'(으)로 변환하면서 데이터가 손실될 수 있습니다.
C:\Users\홍주혁\Desktop\Digipen\Optimization\optimization-base-project\fluid\Fluid.cpp(347,47): warning C4244: '인수': 'double'에서 'FLOAT'(으)로 변환하면서 데이터가 손실될 수 있습니다.
C:\Users\홍주혁\Desktop\Digipen\Optimization\optimization-base-project\fluid\Fluid.cpp(354,33): warning C4244: '인수': 'double'에서 'FLOAT'(으)로 변환하면서 데이터가 손실될 수 있습니다.
C:\Users\홍주혁\Desktop\Digipen\Optimization\optimization-base-project\fluid\Fluid.cpp(355,33): warning C4244: '인수': 'double'에서 'FLOAT'(으)로 변환하면서 데이터가 손실될 수 있습니다.
  main.cpp
  Rendering.cpp
C:\Users\홍주혁\Desktop\Digipen\Optimization\optimization-base-project\fluid\Rendering.cpp(206,26): warning C4244: '초기화 중': 'double'에서 'float'(으)로 변환하면서 데이터가 손실될 수 있습니다.
C:\Users\홍주혁\Desktop\Digipen\Optimization\optimization-base-project\fluid\Rendering.cpp(207,26): warning C4244: '초기화 중': 'double'에서 'float'(으)로 변환하면서 데이터가 손실될 수 있습니다.
  코드를 생성하고 있습니다...
  fluid.vcxproj -> C:\Users\홍주혁\Desktop\Digipen\Optimization\optimization-base-project\Release\fluid.exe
