c:\users\홍주혁\desktop\digipen\optimization\optimization-base-project\fluid\release\rendering.obj
c:\users\홍주혁\desktop\digipen\optimization\optimization-base-project\fluid\release\main.obj
c:\users\홍주혁\desktop\digipen\optimization\optimization-base-project\fluid\release\fluid.obj
c:\users\홍주혁\desktop\digipen\optimization\optimization-base-project\fluid\release\sdkmisc.obj
c:\users\홍주혁\desktop\digipen\optimization\optimization-base-project\fluid\release\dxutsettingsdlg.obj
c:\users\홍주혁\desktop\digipen\optimization\optimization-base-project\fluid\release\dxutres.obj
c:\users\홍주혁\desktop\digipen\optimization\optimization-base-project\fluid\release\dxutgui.obj
c:\users\홍주혁\desktop\digipen\optimization\optimization-base-project\fluid\release\dxutmisc.obj
c:\users\홍주혁\desktop\digipen\optimization\optimization-base-project\fluid\release\dxutenum.obj
c:\users\홍주혁\desktop\digipen\optimization\optimization-base-project\fluid\release\dxut.obj
c:\users\홍주혁\desktop\digipen\optimization\optimization-base-project\release\fluid.exe
c:\users\홍주혁\desktop\digipen\optimization\optimization-base-project\release\fluid.pdb
c:\users\홍주혁\desktop\digipen\optimization\optimization-base-project\release\fluid.ilk
c:\users\홍주혁\desktop\digipen\optimization\optimization-base-project\fluid\release\fluid.tlog\cl.command.1.tlog
c:\users\홍주혁\desktop\digipen\optimization\optimization-base-project\fluid\release\fluid.tlog\cl.items.tlog
c:\users\홍주혁\desktop\digipen\optimization\optimization-base-project\fluid\release\fluid.tlog\cl.read.1.tlog
c:\users\홍주혁\desktop\digipen\optimization\optimization-base-project\fluid\release\fluid.tlog\cl.write.1.tlog
c:\users\홍주혁\desktop\digipen\optimization\optimization-base-project\fluid\release\fluid.tlog\link.command.1.tlog
c:\users\홍주혁\desktop\digipen\optimization\optimization-base-project\fluid\release\fluid.tlog\link.read.1.tlog
c:\users\홍주혁\desktop\digipen\optimization\optimization-base-project\fluid\release\fluid.tlog\link.secondary.1.tlog
c:\users\홍주혁\desktop\digipen\optimization\optimization-base-project\fluid\release\fluid.tlog\link.write.1.tlog
